[{"line":2,"elements":[{"line":7,"name":"","description":"","type":"background","keyword":"Background","steps":[{"result":{"duration":276841600,"status":"passed"},"line":8,"name":"the user is on the test application page","match":{"location":"com.automation.steps.CommonSteps.the_user_is_on_the_test_application_page()"},"keyword":"Given "}]},{"start_timestamp":"2025-06-29T02:47:42.661Z","before":[{"result":{"duration":5102281900,"status":"passed"},"match":{"location":"com.automation.steps.LoginSteps.setUp()"}},{"result":{"duration":1047378400,"status":"passed"},"match":{"location":"com.automation.steps.RegistrationSteps.setUp()"}}],"line":11,"name":"Successful login with valid credentials","description":"","id":"login-functionality;successful-login-with-valid-credentials","after":[{"result":{"duration":280240200,"status":"passed"},"match":{"location":"com.automation.steps.RegistrationSteps.tearDown()"}},{"result":{"status":"passed"},"match":{"location":"com.automation.steps.LoginSteps.tearDown()"}}],"type":"scenario","keyword":"Scenario","steps":[{"result":{"error_message":"java.lang.RuntimeException: Failed to enter login username\r\n\tat com.automation.steps.LoginSteps.the_user_enters_login_username(LoginSteps.java:39)\r\n\tat ✽.the user enters login username \"testuser\"(file:///D:/Ai%20Training/RaniProjectTraining/src/test/resources/features/Login.feature:12)\r\nCaused by: java.lang.RuntimeException: Failed to enter username\r\n\tat com.automation.pages.LoginPage.enterUsername(LoginPage.java:49)\r\n\tat com.automation.steps.LoginSteps.the_user_enters_login_username(LoginSteps.java:36)\r\n\tat java.base/jdk.internal.reflect.DirectMethodHandleAccessor.invoke(DirectMethodHandleAccessor.java:103)\r\n\tat java.base/java.lang.reflect.Method.invoke(Method.java:580)\r\n\tat io.cucumber.java.Invoker.doInvoke(Invoker.java:66)\r\n\tat io.cucumber.java.Invoker.invoke(Invoker.java:24)\r\n\tat io.cucumber.java.AbstractGlueDefinition.invokeMethod(AbstractGlueDefinition.java:47)\r\n\tat io.cucumber.java.JavaStepDefinition.execute(JavaStepDefinition.java:29)\r\n\tat io.cucumber.core.runner.CoreStepDefinition.execute(CoreStepDefinition.java:66)\r\n\tat io.cucumber.core.runner.PickleStepDefinitionMatch.runStep(PickleStepDefinitionMatch.java:63)\r\n\tat io.cucumber.core.runner.ExecutionMode$1.execute(ExecutionMode.java:10)\r\n\tat io.cucumber.core.runner.TestStep.executeStep(TestStep.java:84)\r\n\tat io.cucumber.core.runner.TestStep.run(TestStep.java:56)\r\n\tat io.cucumber.core.runner.PickleStepTestStep.run(PickleStepTestStep.java:51)\r\n\tat io.cucumber.core.runner.TestCase.run(TestCase.java:84)\r\n\tat io.cucumber.core.runner.Runner.runPickle(Runner.java:75)\r\n\tat io.cucumber.testng.TestNGCucumberRunner.lambda$runScenario$1(TestNGCucumberRunner.java:132)\r\n\tat io.cucumber.core.runtime.CucumberExecutionContext.lambda$runTestCase$5(CucumberExecutionContext.java:130)\r\n\tat io.cucumber.core.runtime.RethrowingThrowableCollector.executeAndThrow(RethrowingThrowableCollector.java:23)\r\n\tat io.cucumber.core.runtime.CucumberExecutionContext.runTestCase(CucumberExecutionContext.java:130)\r\n\tat io.cucumber.testng.TestNGCucumberRunner.runScenario(TestNGCucumberRunner.java:129)\r\n\tat io.cucumber.testng.AbstractTestNGCucumberTests.runScenario(AbstractTestNGCucumberTests.java:35)\r\n\tat java.base/jdk.internal.reflect.DirectMethodHandleAccessor.invoke(DirectMethodHandleAccessor.java:103)\r\n\tat java.base/java.lang.reflect.Method.invoke(Method.java:580)\r\n\tat org.testng.internal.invokers.MethodInvocationHelper.invokeMethod(MethodInvocationHelper.java:139)\r\n\tat org.testng.internal.invokers.TestInvoker.invokeMethod(TestInvoker.java:677)\r\n\tat org.testng.internal.invokers.TestInvoker.invokeTestMethod(TestInvoker.java:221)\r\n\tat org.testng.internal.invokers.MethodRunner.runInSequence(MethodRunner.java:50)\r\n\tat org.testng.internal.invokers.TestInvoker$MethodInvocationAgent.invoke(TestInvoker.java:969)\r\n\tat org.testng.internal.invokers.TestInvoker.invokeTestMethods(TestInvoker.java:194)\r\n\tat org.testng.internal.invokers.TestMethodWorker.invokeTestMethods(TestMethodWorker.java:148)\r\n\tat org.testng.internal.invokers.TestMethodWorker.run(TestMethodWorker.java:128)\r\n\tat java.base/java.util.ArrayList.forEach(ArrayList.java:1596)\r\n\tat org.testng.TestRunner.privateRun(TestRunner.java:829)\r\n\tat org.testng.TestRunner.run(TestRunner.java:602)\r\n\tat org.testng.SuiteRunner.runTest(SuiteRunner.java:437)\r\n\tat org.testng.SuiteRunner.runSequentially(SuiteRunner.java:431)\r\n\tat org.testng.SuiteRunner.privateRun(SuiteRunner.java:391)\r\n\tat org.testng.SuiteRunner.run(SuiteRunner.java:330)\r\n\tat org.testng.SuiteRunnerWorker.runSuite(SuiteRunnerWorker.java:52)\r\n\tat org.testng.SuiteRunnerWorker.run(SuiteRunnerWorker.java:95)\r\n\tat org.testng.TestNG.runSuitesSequentially(TestNG.java:1256)\r\n\tat org.testng.TestNG.runSuitesLocally(TestNG.java:1176)\r\n\tat org.testng.TestNG.runSuites(TestNG.java:1099)\r\n\tat org.testng.TestNG.run(TestNG.java:1067)\r\n\tat com.intellij.rt.testng.IDEARemoteTestNG.run(IDEARemoteTestNG.java:65)\r\n\tat com.intellij.rt.testng.RemoteTestNGStarter.main(RemoteTestNGStarter.java:105)\r\nCaused by: org.openqa.selenium.TimeoutException: Expected condition failed: waiting for element to be clickable: By.id: loginUsername (tried for 10 second(s) with 500 milliseconds interval)\nBuild info: version: '4.21.0', revision: '79ed462ef4'\nSystem info: os.name: 'Windows 10', os.arch: 'amd64', os.version: '10.0', java.version: '21.0.6'\nDriver info: org.openqa.selenium.chrome.ChromeDriver\nCapabilities {acceptInsecureCerts: false, browserName: chrome, browserVersion: 137.0.7151.104, chrome: {chromedriverVersion: 137.0.7151.119 (e0ac9d12dff..., userDataDir: C:\\Users\\Dell\\AppData\\Local...}, fedcm:accounts: true, goog:chromeOptions: {debuggerAddress: localhost:50872}, networkConnectionEnabled: false, pageLoadStrategy: normal, platformName: windows, proxy: Proxy(), se:cdp: ws://localhost:50872/devtoo..., se:cdpVersion: 137.0.7151.104, setWindowRect: true, strictFileInteractability: false, timeouts: {implicit: 0, pageLoad: 300000, script: 30000}, unhandledPromptBehavior: dismiss and notify, webauthn:extension:credBlob: true, webauthn:extension:largeBlob: true, webauthn:extension:minPinLength: true, webauthn:extension:prf: true, webauthn:virtualAuthenticators: true}\nSession ID: e684c31f487a5796320903dff36c0e21\r\n\tat org.openqa.selenium.support.ui.WebDriverWait.timeoutException(WebDriverWait.java:84)\r\n\tat org.openqa.selenium.support.ui.FluentWait.until(FluentWait.java:228)\r\n\tat com.automation.pages.LoginPage.enterUsername(LoginPage.java:43)\r\n\t... 46 more\r\n","duration":10175299700,"status":"failed"},"line":12,"name":"the user enters login username \"testuser\"","match":{"arguments":[{"val":"\"testuser\"","offset":31}],"location":"com.automation.steps.LoginSteps.the_user_enters_login_username(java.lang.String)"},"keyword":"When "},{"result":{"status":"skipped"},"line":13,"name":"the user enters login password \"password123\"","match":{"arguments":[{"val":"\"password123\"","offset":31}],"location":"com.automation.steps.LoginSteps.the_user_enters_login_password(java.lang.String)"},"keyword":"And "},{"result":{"status":"skipped"},"line":14,"name":"the user clicks the login button","match":{"location":"com.automation.steps.LoginSteps.the_user_clicks_the_login_button()"},"keyword":"And "},{"result":{"status":"skipped"},"line":15,"name":"the user should see login message \"Login successful!\"","match":{"arguments":[{"val":"\"Login successful!\"","offset":34}],"location":"com.automation.steps.LoginSteps.the_user_should_see_login_message(java.lang.String)"},"keyword":"Then "}],"tags":[{"name":"@regression"},{"name":"@positive"},{"name":"@login"}]},{"line":7,"name":"","description":"","type":"background","keyword":"Background","steps":[{"result":{"duration":553683900,"status":"passed"},"line":8,"name":"the user is on the test application page","match":{"location":"com.automation.steps.CommonSteps.the_user_is_on_the_test_application_page()"},"keyword":"Given "}]},{"start_timestamp":"2025-06-29T02:47:59.626Z","before":[{"result":{"duration":1492787700,"status":"passed"},"match":{"location":"com.automation.steps.LoginSteps.setUp()"}},{"result":{"duration":1692028300,"status":"passed"},"match":{"location":"com.automation.steps.RegistrationSteps.setUp()"}}],"line":18,"name":"Failed login with invalid credentials","description":"","id":"login-functionality;failed-login-with-invalid-credentials","after":[{"result":{"duration":397814000,"status":"passed"},"match":{"location":"com.automation.steps.RegistrationSteps.tearDown()"}},{"result":{"status":"passed"},"match":{"location":"com.automation.steps.LoginSteps.tearDown()"}}],"type":"scenario","keyword":"Scenario","steps":[{"result":{"error_message":"java.lang.RuntimeException: Failed to enter login username\r\n\tat com.automation.steps.LoginSteps.the_user_enters_login_username(LoginSteps.java:39)\r\n\tat ✽.the user enters login username \"invaliduser\"(file:///D:/Ai%20Training/RaniProjectTraining/src/test/resources/features/Login.feature:19)\r\nCaused by: java.lang.RuntimeException: Failed to enter username\r\n\tat com.automation.pages.LoginPage.enterUsername(LoginPage.java:49)\r\n\tat com.automation.steps.LoginSteps.the_user_enters_login_username(LoginSteps.java:36)\r\n\tat java.base/jdk.internal.reflect.DirectMethodHandleAccessor.invoke(DirectMethodHandleAccessor.java:103)\r\n\tat java.base/java.lang.reflect.Method.invoke(Method.java:580)\r\n\tat io.cucumber.java.Invoker.doInvoke(Invoker.java:66)\r\n\tat io.cucumber.java.Invoker.invoke(Invoker.java:24)\r\n\tat io.cucumber.java.AbstractGlueDefinition.invokeMethod(AbstractGlueDefinition.java:47)\r\n\tat io.cucumber.java.JavaStepDefinition.execute(JavaStepDefinition.java:29)\r\n\tat io.cucumber.core.runner.CoreStepDefinition.execute(CoreStepDefinition.java:66)\r\n\tat io.cucumber.core.runner.PickleStepDefinitionMatch.runStep(PickleStepDefinitionMatch.java:63)\r\n\tat io.cucumber.core.runner.ExecutionMode$1.execute(ExecutionMode.java:10)\r\n\tat io.cucumber.core.runner.TestStep.executeStep(TestStep.java:84)\r\n\tat io.cucumber.core.runner.TestStep.run(TestStep.java:56)\r\n\tat io.cucumber.core.runner.PickleStepTestStep.run(PickleStepTestStep.java:51)\r\n\tat io.cucumber.core.runner.TestCase.run(TestCase.java:84)\r\n\tat io.cucumber.core.runner.Runner.runPickle(Runner.java:75)\r\n\tat io.cucumber.testng.TestNGCucumberRunner.lambda$runScenario$1(TestNGCucumberRunner.java:132)\r\n\tat io.cucumber.core.runtime.CucumberExecutionContext.lambda$runTestCase$5(CucumberExecutionContext.java:130)\r\n\tat io.cucumber.core.runtime.RethrowingThrowableCollector.executeAndThrow(RethrowingThrowableCollector.java:23)\r\n\tat io.cucumber.core.runtime.CucumberExecutionContext.runTestCase(CucumberExecutionContext.java:130)\r\n\tat io.cucumber.testng.TestNGCucumberRunner.runScenario(TestNGCucumberRunner.java:129)\r\n\tat io.cucumber.testng.AbstractTestNGCucumberTests.runScenario(AbstractTestNGCucumberTests.java:35)\r\n\tat java.base/jdk.internal.reflect.DirectMethodHandleAccessor.invoke(DirectMethodHandleAccessor.java:103)\r\n\tat java.base/java.lang.reflect.Method.invoke(Method.java:580)\r\n\tat org.testng.internal.invokers.MethodInvocationHelper.invokeMethod(MethodInvocationHelper.java:139)\r\n\tat org.testng.internal.invokers.TestInvoker.invokeMethod(TestInvoker.java:677)\r\n\tat org.testng.internal.invokers.TestInvoker.invokeTestMethod(TestInvoker.java:221)\r\n\tat org.testng.internal.invokers.MethodRunner.runInSequence(MethodRunner.java:50)\r\n\tat org.testng.internal.invokers.TestInvoker$MethodInvocationAgent.invoke(TestInvoker.java:969)\r\n\tat org.testng.internal.invokers.TestInvoker.invokeTestMethods(TestInvoker.java:194)\r\n\tat org.testng.internal.invokers.TestMethodWorker.invokeTestMethods(TestMethodWorker.java:148)\r\n\tat org.testng.internal.invokers.TestMethodWorker.run(TestMethodWorker.java:128)\r\n\tat java.base/java.util.ArrayList.forEach(ArrayList.java:1596)\r\n\tat org.testng.TestRunner.privateRun(TestRunner.java:829)\r\n\tat org.testng.TestRunner.run(TestRunner.java:602)\r\n\tat org.testng.SuiteRunner.runTest(SuiteRunner.java:437)\r\n\tat org.testng.SuiteRunner.runSequentially(SuiteRunner.java:431)\r\n\tat org.testng.SuiteRunner.privateRun(SuiteRunner.java:391)\r\n\tat org.testng.SuiteRunner.run(SuiteRunner.java:330)\r\n\tat org.testng.SuiteRunnerWorker.runSuite(SuiteRunnerWorker.java:52)\r\n\tat org.testng.SuiteRunnerWorker.run(SuiteRunnerWorker.java:95)\r\n\tat org.testng.TestNG.runSuitesSequentially(TestNG.java:1256)\r\n\tat org.testng.TestNG.runSuitesLocally(TestNG.java:1176)\r\n\tat org.testng.TestNG.runSuites(TestNG.java:1099)\r\n\tat org.testng.TestNG.run(TestNG.java:1067)\r\n\tat com.intellij.rt.testng.IDEARemoteTestNG.run(IDEARemoteTestNG.java:65)\r\n\tat com.intellij.rt.testng.RemoteTestNGStarter.main(RemoteTestNGStarter.java:105)\r\nCaused by: org.openqa.selenium.TimeoutException: Expected condition failed: waiting for element to be clickable: By.id: loginUsername (tried for 10 second(s) with 500 milliseconds interval)\nBuild info: version: '4.21.0', revision: '79ed462ef4'\nSystem info: os.name: 'Windows 10', os.arch: 'amd64', os.version: '10.0', java.version: '21.0.6'\nDriver info: org.openqa.selenium.chrome.ChromeDriver\nCapabilities {acceptInsecureCerts: false, browserName: chrome, browserVersion: 137.0.7151.104, chrome: {chromedriverVersion: 137.0.7151.119 (e0ac9d12dff..., userDataDir: C:\\Users\\Dell\\AppData\\Local...}, fedcm:accounts: true, goog:chromeOptions: {debuggerAddress: localhost:50910}, networkConnectionEnabled: false, pageLoadStrategy: normal, platformName: windows, proxy: Proxy(), se:cdp: ws://localhost:50910/devtoo..., se:cdpVersion: 137.0.7151.104, setWindowRect: true, strictFileInteractability: false, timeouts: {implicit: 0, pageLoad: 300000, script: 30000}, unhandledPromptBehavior: dismiss and notify, webauthn:extension:credBlob: true, webauthn:extension:largeBlob: true, webauthn:extension:minPinLength: true, webauthn:extension:prf: true, webauthn:virtualAuthenticators: true}\nSession ID: e84835fa3b94ef6b33f51125a829501b\r\n\tat org.openqa.selenium.support.ui.WebDriverWait.timeoutException(WebDriverWait.java:84)\r\n\tat org.openqa.selenium.support.ui.FluentWait.until(FluentWait.java:228)\r\n\tat com.automation.pages.LoginPage.enterUsername(LoginPage.java:43)\r\n\t... 46 more\r\n","duration":10281789200,"status":"failed"},"line":19,"name":"the user enters login username \"invaliduser\"","match":{"arguments":[{"val":"\"invaliduser\"","offset":31}],"location":"com.automation.steps.LoginSteps.the_user_enters_login_username(java.lang.String)"},"keyword":"When "},{"result":{"status":"skipped"},"line":20,"name":"the user enters login password \"wrongpassword\"","match":{"arguments":[{"val":"\"wrongpassword\"","offset":31}],"location":"com.automation.steps.LoginSteps.the_user_enters_login_password(java.lang.String)"},"keyword":"And "},{"result":{"status":"skipped"},"line":21,"name":"the user clicks the login button","match":{"location":"com.automation.steps.LoginSteps.the_user_clicks_the_login_button()"},"keyword":"And "},{"result":{"status":"skipped"},"line":22,"name":"the user should see login message \"Invalid credentials!\"","match":{"arguments":[{"val":"\"Invalid credentials!\"","offset":34}],"location":"com.automation.steps.LoginSteps.the_user_should_see_login_message(java.lang.String)"},"keyword":"Then "}],"tags":[{"name":"@regression"},{"name":"@negative"},{"name":"@login"}]}],"name":"Login Functionality","description":"  As a user\n  I want to be able to login to the application\n  So that I can access my account","id":"login-functionality","keyword":"Feature","uri":"file:src/test/resources/features/Login.feature","tags":[{"name":"@regression","type":"Tag","location":{"line":1,"column":1}}]},{"line":2,"elements":[{"line":7,"name":"","description":"","type":"background","keyword":"Background","steps":[{"result":{"duration":313820400,"status":"passed"},"line":8,"name":"the user is on the test application page","match":{"location":"com.automation.steps.CommonSteps.the_user_is_on_the_test_application_page()"},"keyword":"Given "}]},{"start_timestamp":"2025-06-29T02:48:14.116Z","before":[{"result":{"duration":1697031200,"status":"passed"},"match":{"location":"com.automation.steps.LoginSteps.setUp()"}},{"result":{"duration":1867928800,"status":"passed"},"match":{"location":"com.automation.steps.RegistrationSteps.setUp()"}}],"line":11,"name":"Successful registration with valid data","description":"","id":"registration-functionality;successful-registration-with-valid-data","after":[{"result":{"duration":273868700,"status":"passed"},"match":{"location":"com.automation.steps.RegistrationSteps.tearDown()"}},{"result":{"duration":1001400,"status":"passed"},"match":{"location":"com.automation.steps.LoginSteps.tearDown()"}}],"type":"scenario","keyword":"Scenario","steps":[{"result":{"duration":1226544100,"status":"passed"},"line":12,"name":"the user clicks on the register tab","match":{"location":"com.automation.steps.RegistrationSteps.the_user_clicks_on_the_register_tab()"},"keyword":"When "},{"result":{"duration":187483700,"status":"passed"},"line":13,"name":"the user enters full name \"John Doe\"","match":{"arguments":[{"val":"\"John Doe\"","offset":26}],"location":"com.automation.steps.RegistrationSteps.the_user_enters_full_name(java.lang.String)"},"keyword":"And "},{"result":{"duration":177897400,"status":"passed"},"line":14,"name":"the user enters email \"john.doe@example.com\"","match":{"arguments":[{"val":"\"john.doe@example.com\"","offset":22}],"location":"com.automation.steps.RegistrationSteps.the_user_enters_email(java.lang.String)"},"keyword":"And "},{"result":{"duration":133922800,"status":"passed"},"line":15,"name":"the user enters registration username \"johndoe\"","match":{"arguments":[{"val":"\"johndoe\"","offset":38}],"location":"com.automation.steps.RegistrationSteps.the_user_enters_registration_username(java.lang.String)"},"keyword":"And "},{"result":{"duration":146914200,"status":"passed"},"line":16,"name":"the user enters registration password \"password123\"","match":{"arguments":[{"val":"\"password123\"","offset":38}],"location":"com.automation.steps.RegistrationSteps.the_user_enters_registration_password(java.lang.String)"},"keyword":"And "},{"result":{"duration":110936600,"status":"passed"},"line":17,"name":"the user clicks the register button","match":{"location":"com.automation.steps.RegistrationSteps.the_user_clicks_the_register_button()"},"keyword":"And "},{"result":{"duration":57590900,"status":"passed"},"line":18,"name":"the user should see registration message \"Registration successful!\"","match":{"arguments":[{"val":"\"Registration successful!\"","offset":41}],"location":"com.automation.steps.RegistrationSteps.the_user_should_see_registration_message(java.lang.String)"},"keyword":"Then "}],"tags":[{"name":"@sanity"},{"name":"@regression"},{"name":"@positive"},{"name":"@registration"}]},{"line":7,"name":"","description":"","type":"background","keyword":"Background","steps":[{"result":{"duration":250856700,"status":"passed"},"line":8,"name":"the user is on the test application page","match":{"location":"com.automation.steps.CommonSteps.the_user_is_on_the_test_application_page()"},"keyword":"Given "}]},{"start_timestamp":"2025-06-29T02:48:20.344Z","before":[{"result":{"duration":1384525300,"status":"passed"},"match":{"location":"com.automation.steps.LoginSteps.setUp()"}},{"result":{"duration":1228451300,"status":"passed"},"match":{"location":"com.automation.steps.RegistrationSteps.setUp()"}}],"line":21,"name":"Failed registration with empty fields","description":"","id":"registration-functionality;failed-registration-with-empty-fields","after":[{"result":{"duration":454807500,"status":"passed"},"match":{"location":"com.automation.steps.RegistrationSteps.tearDown()"}},{"result":{"status":"passed"},"match":{"location":"com.automation.steps.LoginSteps.tearDown()"}}],"type":"scenario","keyword":"Scenario","steps":[{"result":{"duration":1226969100,"status":"passed"},"line":22,"name":"the user clicks on the register tab","match":{"location":"com.automation.steps.RegistrationSteps.the_user_clicks_on_the_register_tab()"},"keyword":"When "},{"result":{"duration":159944500,"status":"passed"},"line":23,"name":"the user enters full name \"\"","match":{"arguments":[{"val":"\"\"","offset":26}],"location":"com.automation.steps.RegistrationSteps.the_user_enters_full_name(java.lang.String)"},"keyword":"And "},{"result":{"duration":141916500,"status":"passed"},"line":24,"name":"the user enters email \"\"","match":{"arguments":[{"val":"\"\"","offset":22}],"location":"com.automation.steps.RegistrationSteps.the_user_enters_email(java.lang.String)"},"keyword":"And "},{"result":{"duration":129925300,"status":"passed"},"line":25,"name":"the user enters registration username \"\"","match":{"arguments":[{"val":"\"\"","offset":38}],"location":"com.automation.steps.RegistrationSteps.the_user_enters_registration_username(java.lang.String)"},"keyword":"And "},{"result":{"duration":166905000,"status":"passed"},"line":26,"name":"the user enters registration password \"\"","match":{"arguments":[{"val":"\"\"","offset":38}],"location":"com.automation.steps.RegistrationSteps.the_user_enters_registration_password(java.lang.String)"},"keyword":"And "},{"result":{"duration":216874300,"status":"passed"},"line":27,"name":"the user clicks the register button","match":{"location":"com.automation.steps.RegistrationSteps.the_user_clicks_the_register_button()"},"keyword":"And "},{"result":{"error_message":"java.lang.RuntimeException: Failed to verify registration message\r\n\tat com.automation.steps.RegistrationSteps.the_user_should_see_registration_message(RegistrationSteps.java:101)\r\n\tat ✽.the user should see registration message \"Please fill all fields!\"(file:///D:/Ai%20Training/RaniProjectTraining/src/test/resources/features/Registration.feature:28)\r\nCaused by: java.lang.RuntimeException: Failed to get registration message\r\n\tat com.automation.pages.RegistrationPage.getRegisterMessage(RegistrationPage.java:127)\r\n\tat com.automation.steps.RegistrationSteps.the_user_should_see_registration_message(RegistrationSteps.java:95)\r\n\tat java.base/jdk.internal.reflect.DirectMethodHandleAccessor.invoke(DirectMethodHandleAccessor.java:103)\r\n\tat java.base/java.lang.reflect.Method.invoke(Method.java:580)\r\n\tat io.cucumber.java.Invoker.doInvoke(Invoker.java:66)\r\n\tat io.cucumber.java.Invoker.invoke(Invoker.java:24)\r\n\tat io.cucumber.java.AbstractGlueDefinition.invokeMethod(AbstractGlueDefinition.java:47)\r\n\tat io.cucumber.java.JavaStepDefinition.execute(JavaStepDefinition.java:29)\r\n\tat io.cucumber.core.runner.CoreStepDefinition.execute(CoreStepDefinition.java:66)\r\n\tat io.cucumber.core.runner.PickleStepDefinitionMatch.runStep(PickleStepDefinitionMatch.java:63)\r\n\tat io.cucumber.core.runner.ExecutionMode$1.execute(ExecutionMode.java:10)\r\n\tat io.cucumber.core.runner.TestStep.executeStep(TestStep.java:84)\r\n\tat io.cucumber.core.runner.TestStep.run(TestStep.java:56)\r\n\tat io.cucumber.core.runner.PickleStepTestStep.run(PickleStepTestStep.java:51)\r\n\tat io.cucumber.core.runner.TestCase.run(TestCase.java:84)\r\n\tat io.cucumber.core.runner.Runner.runPickle(Runner.java:75)\r\n\tat io.cucumber.testng.TestNGCucumberRunner.lambda$runScenario$1(TestNGCucumberRunner.java:132)\r\n\tat io.cucumber.core.runtime.CucumberExecutionContext.lambda$runTestCase$5(CucumberExecutionContext.java:130)\r\n\tat io.cucumber.core.runtime.RethrowingThrowableCollector.executeAndThrow(RethrowingThrowableCollector.java:23)\r\n\tat io.cucumber.core.runtime.CucumberExecutionContext.runTestCase(CucumberExecutionContext.java:130)\r\n\tat io.cucumber.testng.TestNGCucumberRunner.runScenario(TestNGCucumberRunner.java:129)\r\n\tat io.cucumber.testng.AbstractTestNGCucumberTests.runScenario(AbstractTestNGCucumberTests.java:35)\r\n\tat java.base/jdk.internal.reflect.DirectMethodHandleAccessor.invoke(DirectMethodHandleAccessor.java:103)\r\n\tat java.base/java.lang.reflect.Method.invoke(Method.java:580)\r\n\tat org.testng.internal.invokers.MethodInvocationHelper.invokeMethod(MethodInvocationHelper.java:139)\r\n\tat org.testng.internal.invokers.TestInvoker.invokeMethod(TestInvoker.java:677)\r\n\tat org.testng.internal.invokers.TestInvoker.invokeTestMethod(TestInvoker.java:221)\r\n\tat org.testng.internal.invokers.MethodRunner.runInSequence(MethodRunner.java:50)\r\n\tat org.testng.internal.invokers.TestInvoker$MethodInvocationAgent.invoke(TestInvoker.java:969)\r\n\tat org.testng.internal.invokers.TestInvoker.invokeTestMethods(TestInvoker.java:194)\r\n\tat org.testng.internal.invokers.TestMethodWorker.invokeTestMethods(TestMethodWorker.java:148)\r\n\tat org.testng.internal.invokers.TestMethodWorker.run(TestMethodWorker.java:128)\r\n\tat java.base/java.util.ArrayList.forEach(ArrayList.java:1596)\r\n\tat org.testng.TestRunner.privateRun(TestRunner.java:829)\r\n\tat org.testng.TestRunner.run(TestRunner.java:602)\r\n\tat org.testng.SuiteRunner.runTest(SuiteRunner.java:437)\r\n\tat org.testng.SuiteRunner.runSequentially(SuiteRunner.java:431)\r\n\tat org.testng.SuiteRunner.privateRun(SuiteRunner.java:391)\r\n\tat org.testng.SuiteRunner.run(SuiteRunner.java:330)\r\n\tat org.testng.SuiteRunnerWorker.runSuite(SuiteRunnerWorker.java:52)\r\n\tat org.testng.SuiteRunnerWorker.run(SuiteRunnerWorker.java:95)\r\n\tat org.testng.TestNG.runSuitesSequentially(TestNG.java:1256)\r\n\tat org.testng.TestNG.runSuitesLocally(TestNG.java:1176)\r\n\tat org.testng.TestNG.runSuites(TestNG.java:1099)\r\n\tat org.testng.TestNG.run(TestNG.java:1067)\r\n\tat com.intellij.rt.testng.IDEARemoteTestNG.run(IDEARemoteTestNG.java:65)\r\n\tat com.intellij.rt.testng.RemoteTestNGStarter.main(RemoteTestNGStarter.java:105)\r\nCaused by: org.openqa.selenium.TimeoutException: Expected condition failed: waiting for visibility of element located by By.id: registerMessage (tried for 10 second(s) with 500 milliseconds interval)\nBuild info: version: '4.21.0', revision: '79ed462ef4'\nSystem info: os.name: 'Windows 10', os.arch: 'amd64', os.version: '10.0', java.version: '21.0.6'\nDriver info: org.openqa.selenium.chrome.ChromeDriver\nCapabilities {acceptInsecureCerts: false, browserName: chrome, browserVersion: 137.0.7151.104, chrome: {chromedriverVersion: 137.0.7151.119 (e0ac9d12dff..., userDataDir: C:\\Users\\Dell\\AppData\\Local...}, fedcm:accounts: true, goog:chromeOptions: {debuggerAddress: localhost:50994}, networkConnectionEnabled: false, pageLoadStrategy: normal, platformName: windows, proxy: Proxy(), se:cdp: ws://localhost:50994/devtoo..., se:cdpVersion: 137.0.7151.104, setWindowRect: true, strictFileInteractability: false, timeouts: {implicit: 0, pageLoad: 300000, script: 30000}, unhandledPromptBehavior: dismiss and notify, webauthn:extension:credBlob: true, webauthn:extension:largeBlob: true, webauthn:extension:minPinLength: true, webauthn:extension:prf: true, webauthn:virtualAuthenticators: true}\nSession ID: 2bd47a29dcdfc81f688a0ac1425b210e\r\n\tat org.openqa.selenium.support.ui.WebDriverWait.timeoutException(WebDriverWait.java:84)\r\n\tat org.openqa.selenium.support.ui.FluentWait.until(FluentWait.java:228)\r\n\tat com.automation.pages.RegistrationPage.getRegisterMessage(RegistrationPage.java:121)\r\n\t... 46 more\r\n","duration":10455499100,"status":"failed"},"line":28,"name":"the user should see registration message \"Please fill all fields!\"","match":{"arguments":[{"val":"\"Please fill all fields!\"","offset":41}],"location":"com.automation.steps.RegistrationSteps.the_user_should_see_registration_message(java.lang.String)"},"keyword":"Then "}],"tags":[{"name":"@sanity"},{"name":"@regression"},{"name":"@negative"},{"name":"@registration"}]}],"name":"Registration Functionality","description":"  As a new user\n  I want to be able to register for a new account\n  So that I can create my profile","id":"registration-functionality","keyword":"Feature","uri":"file:src/test/resources/features/Registration.feature","tags":[{"name":"@sanity","type":"Tag","location":{"line":1,"column":1}},{"name":"@regression","type":"Tag","location":{"line":1,"column":9}}]}]